AndroidApps/Murach/ex_solutions/ch03_ex1_Invoice_sol/app/build/intermediates/manifest_merge_blame_file/debug/manifest-merger-blame-debug-report.txt
1<?xml version="1.0" encoding="utf-8"?>
2<manifest xmlns:android="http://schemas.android.com/apk/res/android"
3    package="com.murach.invoice"
4    android:versionCode="1"
5    android:versionName="1.0" >
6
7    <uses-sdk
7-->src\main\AndroidManifest.xml:7:5-9:41
8        android:minSdkVersion="15"
8-->src\main\AndroidManifest.xml:8:9-34
9        android:targetSdkVersion="23" />
9-->src\main\AndroidManifest.xml:9:9-38
10
11    <application
11-->src\main\AndroidManifest.xml:11:5-25:19
12        android:debuggable="true"
13        android:icon="@drawable/ic_launcher"
13-->src\main\AndroidManifest.xml:12:9-45
14        android:label="@string/app_name"
14-->src\main\AndroidManifest.xml:13:9-41
15        android:testOnly="true"
16        android:theme="@style/AppTheme" >
16-->src\main\AndroidManifest.xml:14:9-40
17        <activity
17-->src\main\AndroidManifest.xml:15:9-24:20
18            android:name="com.murach.invoice.InvoiceTotalActivity"
18-->src\main\AndroidManifest.xml:16:13-67
19            android:exported="true"
19-->src\main\AndroidManifest.xml:18:13-36
20            android:label="@string/title_activity_invoice_total" >
20-->src\main\AndroidManifest.xml:17:13-65
21            <intent-filter>
21-->src\main\AndroidManifest.xml:19:13-23:29
22                <action android:name="android.intent.action.MAIN" />
22-->src\main\AndroidManifest.xml:20:17-69
22-->src\main\AndroidManifest.xml:20:25-66
23
24                <category android:name="android.intent.category.LAUNCHER" />
24-->src\main\AndroidManifest.xml:22:17-77
24-->src\main\AndroidManifest.xml:22:27-74
25            </intent-filter>
26        </activity>
27    </application>
28
29</manifest>